c:\users\fonse\onedrive\escritorio\i_proyecto_baguilar_efonseca\x64\debug\vc143.pdb
c:\users\fonse\onedrive\escritorio\i_proyecto_baguilar_efonseca\x64\debug\vc143.idb
c:\users\fonse\onedrive\escritorio\i_proyecto_baguilar_efonseca\x64\debug\cliente.obj
c:\users\fonse\onedrive\escritorio\i_proyecto_baguilar_efonseca\x64\debug\segmento.obj
c:\users\fonse\onedrive\escritorio\i_proyecto_baguilar_efonseca\x64\debug\nodo.obj
c:\users\fonse\onedrive\escritorio\i_proyecto_baguilar_efonseca\x64\debug\lista.obj
c:\users\fonse\onedrive\escritorio\i_proyecto_baguilar_efonseca\x64\debug\descuento.obj
c:\users\fonse\onedrive\escritorio\i_proyecto_baguilar_efonseca\x64\debug\proyecto programcion 1 verano.obj
c:\users\fonse\onedrive\escritorio\i_proyecto_baguilar_efonseca\x64\debug\evento.obj
c:\users\fonse\onedrive\escritorio\i_proyecto_baguilar_efonseca\x64\debug\proyecto programcion 1 verano.pdb
c:\users\fonse\onedrive\escritorio\i_proyecto_baguilar_efonseca\x64\debug\proyecto.dfdb1b78.tlog\cl.command.1.tlog
c:\users\fonse\onedrive\escritorio\i_proyecto_baguilar_efonseca\x64\debug\proyecto.dfdb1b78.tlog\cl.read.1.tlog
c:\users\fonse\onedrive\escritorio\i_proyecto_baguilar_efonseca\x64\debug\proyecto.dfdb1b78.tlog\cl.write.1.tlog
c:\users\fonse\onedrive\escritorio\i_proyecto_baguilar_efonseca\x64\debug\proyecto.dfdb1b78.tlog\link-cvtres.read.1.tlog
c:\users\fonse\onedrive\escritorio\i_proyecto_baguilar_efonseca\x64\debug\proyecto.dfdb1b78.tlog\link-cvtres.write.1.tlog
c:\users\fonse\onedrive\escritorio\i_proyecto_baguilar_efonseca\x64\debug\proyecto.dfdb1b78.tlog\link-rc.read.1.tlog
c:\users\fonse\onedrive\escritorio\i_proyecto_baguilar_efonseca\x64\debug\proyecto.dfdb1b78.tlog\link-rc.write.1.tlog
c:\users\fonse\onedrive\escritorio\i_proyecto_baguilar_efonseca\x64\debug\proyecto.dfdb1b78.tlog\link.command.1.tlog
c:\users\fonse\onedrive\escritorio\i_proyecto_baguilar_efonseca\x64\debug\proyecto.dfdb1b78.tlog\link.read.1.tlog
c:\users\fonse\onedrive\escritorio\i_proyecto_baguilar_efonseca\x64\debug\proyecto.dfdb1b78.tlog\link.read.2.tlog
c:\users\fonse\onedrive\escritorio\i_proyecto_baguilar_efonseca\x64\debug\proyecto.dfdb1b78.tlog\link.write.1.tlog
